<?xml version="1.0" encoding="UTF-8"?>
<!-- Generated by org.testng.reporters.JUnitReportReporter -->
<testsuite hostname="MacBook-Air-Roman.local" failures="0" tests="3" name="runner.LoginTest" time="4.163" errors="0" timestamp="2024-08-29T13:50:14 GST" skipped="0">
  <testcase classname="runner.LoginTest" name="enterNegativeEmailTest" time="1.422"/>
  <system-out/>
  <testcase classname="runner.LoginTest" name="enterPositiveTest" time="1.374"/>
  <system-out/>
  <testcase classname="runner.LoginTest" name="enterNegativeEmptyPasswordTest" time="1.367"/>
  <system-out/>
</testsuite> <!-- runner.LoginTest -->
